./fractals:1: MAJOR:C-O1
./src/fractals/big_alloc.c:23: MAJOR:C-F3
./src/fractals/big_alloc.c:27: MAJOR:C-F3
./src/fractals/big_alloc.c:29: MAJOR:C-F3
./src/fractals/big_alloc.c:31: MAJOR:C-F3
./src/fractals/big_alloc.c:33: MAJOR:C-F3
./src/fractals/handling_errors.c:25: MAJOR:C-F3
./src/fractals/handling_errors.c:31: MAJOR:C-F3
./src/fractals/handling_errors.c:52: MAJOR:C-F3
./src/fractals/handling_errors.c:66: MAJOR:C-F3
./src/fractals/handling_errors.c:68: MAJOR:C-F3
./src/fractals/handling_errors.c:72: MAJOR:C-F3
./src/fractals/handling_errors.c:76: MAJOR:C-F3
./src/fractals/handling_errors.c:81: MAJOR:C-F4
./src/fractals/handling_errors.c:82: MAJOR:C-F3
./src/fractals/handling_errors.c:82: MAJOR:C-F4
./src/fractals/handling_errors.c:83: MAJOR:C-F4
./src/fractals/handling_errors.c:84: MAJOR:C-F4
./src/fractals/handling_fractals.c:43: MAJOR:C-F3
./src/fractals/handling_fractals.c:55: MAJOR:C-F3
./src/fractals/handling_fractals.c:57: MAJOR:C-F3
./src/fractals/handling_fractals.c:63: MAJOR:C-F3
./src/fractals/handling_fractals.c:73: MAJOR:C-F4
./src/main.c:23: MAJOR:C-F3
